{
  "stats": {
    "suites": 1,
    "tests": 1,
    "passes": 1,
    "pending": 0,
    "failures": 0,
    "start": "2024-07-24T10:11:31.975Z",
    "end": "2024-07-24T10:11:42.944Z",
    "duration": 10969,
    "testsRegistered": 1,
    "passPercent": 100,
    "pendingPercent": 0,
    "other": 0,
    "hasOther": false,
    "skipped": 0,
    "hasSkipped": false
  },
  "results": [
    {
      "uuid": "f07868e5-959c-4d32-8fe8-3f09c99763fd",
      "title": "",
      "fullFile": "cypress\\e2e\\2-advanced-examples\\apiWithFaker.cy.js",
      "file": "cypress\\e2e\\2-advanced-examples\\apiWithFaker.cy.js",
      "beforeHooks": [],
      "afterHooks": [],
      "tests": [],
      "suites": [
        {
          "uuid": "1693037d-b9b0-4d27-b1ba-323e53d542ba",
          "title": "Registration Flow",
          "fullFile": "",
          "file": "",
          "beforeHooks": [],
          "afterHooks": [],
          "tests": [
            {
              "title": "Enter the form details",
              "fullTitle": "Registration Flow Enter the form details",
              "timedOut": null,
              "duration": 5073,
              "state": "passed",
              "speed": "medium",
              "pass": true,
              "fail": false,
              "pending": false,
              "context": null,
              "code": "cy.visit('https://naveenautomationlabs.com/opencart/index.php?route=account/register');\ncy.get('#input-firstname').type(_faker.faker.person.firstName());\ncy.get('#input-lastname').type(_faker.faker.person.lastName());\ncy.get('#input-email').type(_faker.faker.internet.email());\ncy.get('#input-telephone').type(_faker.faker.phone.number());\ncy.get('#input-password').type(password);\ncy.get('#input-confirm').type(password);\ncy.get('input[type=\"radio\"]').eq(1).check();\ncy.get('input[type=\"checkbox\"]').check();\ncy.get('.btn.btn-primary').click();\ncy.contains('Your Account Has Been Created!').should('exist');",
              "err": {},
              "uuid": "733cd2da-cbd7-4f90-a047-38e6410e7c09",
              "parentUUID": "1693037d-b9b0-4d27-b1ba-323e53d542ba",
              "isHook": false,
              "skipped": false
            }
          ],
          "suites": [],
          "passes": [
            "733cd2da-cbd7-4f90-a047-38e6410e7c09"
          ],
          "failures": [],
          "pending": [],
          "skipped": [],
          "duration": 5073,
          "root": false,
          "rootEmpty": false,
          "_timeout": 2000
        }
      ],
      "passes": [],
      "failures": [],
      "pending": [],
      "skipped": [],
      "duration": 0,
      "root": true,
      "rootEmpty": true,
      "_timeout": 2000
    }
  ],
  "meta": {
    "mocha": {
      "version": "7.0.1"
    },
    "mochawesome": {
      "options": {
        "quiet": false,
        "reportFilename": "mochawesome",
        "saveHtml": false,
        "saveJson": true,
        "consoleReporter": "spec",
        "useInlineDiffs": false,
        "code": true
      },
      "version": "7.1.3"
    },
    "marge": {
      "options": {
        "charts": true,
        "overwrite": false,
        "html": false,
        "json": true,
        "reportDir": "cypress/reports"
      },
      "version": "6.2.0"
    }
  }
}