{
  "stats": {
    "suites": 1,
    "tests": 3,
    "passes": 3,
    "pending": 0,
    "failures": 0,
    "start": "2024-07-24T10:11:44.989Z",
    "end": "2024-07-24T10:11:45.132Z",
    "duration": 143,
    "testsRegistered": 3,
    "passPercent": 100,
    "pendingPercent": 0,
    "other": 0,
    "hasOther": false,
    "skipped": 0,
    "hasSkipped": false
  },
  "results": [
    {
      "uuid": "86fe4e3a-418e-4f77-a0ef-d713eb82266d",
      "title": "",
      "fullFile": "cypress\\e2e\\2-advanced-examples\\hooksTags.cy.js",
      "file": "cypress\\e2e\\2-advanced-examples\\hooksTags.cy.js",
      "beforeHooks": [],
      "afterHooks": [],
      "tests": [],
      "suites": [
        {
          "uuid": "b3c77bc7-03a1-4945-a00d-b769cb352460",
          "title": "Hooks and tags",
          "fullFile": "",
          "file": "",
          "beforeHooks": [],
          "afterHooks": [],
          "tests": [
            {
              "title": "search",
              "fullTitle": "Hooks and tags search",
              "timedOut": null,
              "duration": 53,
              "state": "passed",
              "speed": "fast",
              "pass": true,
              "fail": false,
              "pending": false,
              "context": null,
              "code": "cy.log(\"first it\");",
              "err": {},
              "uuid": "5a167d08-39d5-4b95-a200-bbdb4b1167b9",
              "parentUUID": "b3c77bc7-03a1-4945-a00d-b769cb352460",
              "isHook": false,
              "skipped": false
            },
            {
              "title": "adv search",
              "fullTitle": "Hooks and tags adv search",
              "timedOut": null,
              "duration": 10,
              "state": "passed",
              "speed": "fast",
              "pass": true,
              "fail": false,
              "pending": false,
              "context": null,
              "code": "cy.log(\"second it\");",
              "err": {},
              "uuid": "f0db4741-91c3-47bc-9c0f-00d3f211cf8b",
              "parentUUID": "b3c77bc7-03a1-4945-a00d-b769cb352460",
              "isHook": false,
              "skipped": false
            },
            {
              "title": "listing products",
              "fullTitle": "Hooks and tags listing products",
              "timedOut": null,
              "duration": 13,
              "state": "passed",
              "speed": "fast",
              "pass": true,
              "fail": false,
              "pending": false,
              "context": null,
              "code": "cy.log(\"third it\");",
              "err": {},
              "uuid": "62d9d771-8042-46cc-b915-96418a4b9ea0",
              "parentUUID": "b3c77bc7-03a1-4945-a00d-b769cb352460",
              "isHook": false,
              "skipped": false
            }
          ],
          "suites": [],
          "passes": [
            "5a167d08-39d5-4b95-a200-bbdb4b1167b9",
            "f0db4741-91c3-47bc-9c0f-00d3f211cf8b",
            "62d9d771-8042-46cc-b915-96418a4b9ea0"
          ],
          "failures": [],
          "pending": [],
          "skipped": [],
          "duration": 76,
          "root": false,
          "rootEmpty": false,
          "_timeout": 2000
        }
      ],
      "passes": [],
      "failures": [],
      "pending": [],
      "skipped": [],
      "duration": 0,
      "root": true,
      "rootEmpty": true,
      "_timeout": 2000
    }
  ],
  "meta": {
    "mocha": {
      "version": "7.0.1"
    },
    "mochawesome": {
      "options": {
        "quiet": false,
        "reportFilename": "mochawesome",
        "saveHtml": false,
        "saveJson": true,
        "consoleReporter": "spec",
        "useInlineDiffs": false,
        "code": true
      },
      "version": "7.1.3"
    },
    "marge": {
      "options": {
        "charts": true,
        "overwrite": false,
        "html": false,
        "json": true,
        "reportDir": "cypress/reports"
      },
      "version": "6.2.0"
    }
  }
}