{
  "stats": {
    "suites": 4,
    "tests": 4,
    "passes": 4,
    "pending": 0,
    "failures": 0,
    "start": "2024-07-24T10:11:18.875Z",
    "end": "2024-07-24T10:11:22.578Z",
    "duration": 3703,
    "testsRegistered": 4,
    "passPercent": 100,
    "pendingPercent": 0,
    "other": 0,
    "hasOther": false,
    "skipped": 0,
    "hasSkipped": false
  },
  "results": [
    {
      "uuid": "ddd69f07-198d-4ce4-981f-d1c92b515061",
      "title": "",
      "fullFile": "cypress\\e2e\\2-advanced-examples\\api.cy.js",
      "file": "cypress\\e2e\\2-advanced-examples\\api.cy.js",
      "beforeHooks": [],
      "afterHooks": [],
      "tests": [],
      "suites": [
        {
          "uuid": "3be5b52e-f741-4668-b3c6-f8c940636ab3",
          "title": "GET API Request",
          "fullFile": "",
          "file": "",
          "beforeHooks": [],
          "afterHooks": [],
          "tests": [
            {
              "title": "should fetch data",
              "fullTitle": "GET API Request should fetch data",
              "timedOut": null,
              "duration": 365,
              "state": "passed",
              "speed": "fast",
              "pass": true,
              "fail": false,
              "pending": false,
              "context": null,
              "code": "cy.request('GET', 'https://jsonplaceholder.typicode.com/posts/1').then(response => {\n  expect(response.status).to.eq(200);\n  expect(response.body).to.have.property('id', 1);\n});",
              "err": {},
              "uuid": "48532f03-d015-4997-a9ca-9cbd936a19e1",
              "parentUUID": "3be5b52e-f741-4668-b3c6-f8c940636ab3",
              "isHook": false,
              "skipped": false
            }
          ],
          "suites": [],
          "passes": [
            "48532f03-d015-4997-a9ca-9cbd936a19e1"
          ],
          "failures": [],
          "pending": [],
          "skipped": [],
          "duration": 365,
          "root": false,
          "rootEmpty": false,
          "_timeout": 2000
        },
        {
          "uuid": "527cbc1d-6d6f-49e0-9e48-23dd3d32a216",
          "title": "POST API Request",
          "fullFile": "",
          "file": "",
          "beforeHooks": [],
          "afterHooks": [],
          "tests": [
            {
              "title": "should create a new post",
              "fullTitle": "POST API Request should create a new post",
              "timedOut": null,
              "duration": 1142,
              "state": "passed",
              "speed": "fast",
              "pass": true,
              "fail": false,
              "pending": false,
              "context": null,
              "code": "cy.request('POST', 'https://jsonplaceholder.typicode.com/posts', {\n  title: 'foo',\n  body: 'bar',\n  userId: 1\n}).then(response => {\n  expect(response.status).to.eq(201);\n  expect(response.body).to.have.property('title', 'foo');\n  expect(response.body).to.have.property('body', 'bar');\n  expect(response.body).to.have.property('userId', 1);\n});",
              "err": {},
              "uuid": "89768b95-2355-4634-9e31-f66a30365a31",
              "parentUUID": "527cbc1d-6d6f-49e0-9e48-23dd3d32a216",
              "isHook": false,
              "skipped": false
            }
          ],
          "suites": [],
          "passes": [
            "89768b95-2355-4634-9e31-f66a30365a31"
          ],
          "failures": [],
          "pending": [],
          "skipped": [],
          "duration": 1142,
          "root": false,
          "rootEmpty": false,
          "_timeout": 2000
        },
        {
          "uuid": "6ac5dea2-6731-48f6-82bd-238cca069241",
          "title": "PUT API Request",
          "fullFile": "",
          "file": "",
          "beforeHooks": [],
          "afterHooks": [],
          "tests": [
            {
              "title": "should update an existing post",
              "fullTitle": "PUT API Request should update an existing post",
              "timedOut": null,
              "duration": 985,
              "state": "passed",
              "speed": "fast",
              "pass": true,
              "fail": false,
              "pending": false,
              "context": null,
              "code": "cy.request('PUT', 'https://jsonplaceholder.typicode.com/posts/1', {\n  id: 1,\n  title: 'foo',\n  body: 'bar',\n  userId: 1\n}).then(response => {\n  expect(response.status).to.eq(200);\n  expect(response.body).to.have.property('title', 'foo');\n  expect(response.body).to.have.property('body', 'bar');\n  expect(response.body).to.have.property('userId', 1);\n});",
              "err": {},
              "uuid": "0eea7ec5-92e6-4b0b-a226-3f192e0321ea",
              "parentUUID": "6ac5dea2-6731-48f6-82bd-238cca069241",
              "isHook": false,
              "skipped": false
            }
          ],
          "suites": [],
          "passes": [
            "0eea7ec5-92e6-4b0b-a226-3f192e0321ea"
          ],
          "failures": [],
          "pending": [],
          "skipped": [],
          "duration": 985,
          "root": false,
          "rootEmpty": false,
          "_timeout": 2000
        },
        {
          "uuid": "0afffdd3-67ce-4adc-a3de-b346e0d7ff72",
          "title": "DELETE API Request",
          "fullFile": "",
          "file": "",
          "beforeHooks": [],
          "afterHooks": [],
          "tests": [
            {
              "title": "should delete an existing post",
              "fullTitle": "DELETE API Request should delete an existing post",
              "timedOut": null,
              "duration": 1132,
              "state": "passed",
              "speed": "fast",
              "pass": true,
              "fail": false,
              "pending": false,
              "context": null,
              "code": "cy.request('DELETE', 'https://jsonplaceholder.typicode.com/posts/1').then(response => {\n  expect(response.status).to.eq(200);\n});",
              "err": {},
              "uuid": "0a281823-3ced-4b52-8c5a-91632393ef54",
              "parentUUID": "0afffdd3-67ce-4adc-a3de-b346e0d7ff72",
              "isHook": false,
              "skipped": false
            }
          ],
          "suites": [],
          "passes": [
            "0a281823-3ced-4b52-8c5a-91632393ef54"
          ],
          "failures": [],
          "pending": [],
          "skipped": [],
          "duration": 1132,
          "root": false,
          "rootEmpty": false,
          "_timeout": 2000
        }
      ],
      "passes": [],
      "failures": [],
      "pending": [],
      "skipped": [],
      "duration": 0,
      "root": true,
      "rootEmpty": true,
      "_timeout": 2000
    }
  ],
  "meta": {
    "mocha": {
      "version": "7.0.1"
    },
    "mochawesome": {
      "options": {
        "quiet": false,
        "reportFilename": "mochawesome",
        "saveHtml": false,
        "saveJson": true,
        "consoleReporter": "spec",
        "useInlineDiffs": false,
        "code": true
      },
      "version": "7.1.3"
    },
    "marge": {
      "options": {
        "charts": true,
        "overwrite": false,
        "html": false,
        "json": true,
        "reportDir": "cypress/reports"
      },
      "version": "6.2.0"
    }
  }
}